<?xml version="1.0" encoding="UTF-8"?>
<testng-results ignored="0" total="3" passed="3" failed="0" skipped="0">
  <reporter-output>
  </reporter-output>
  <suite started-at="2025-03-16T06:30:58 EDT" name="Default Suite" finished-at="2025-03-16T06:31:42 EDT" duration-ms="44039">
    <groups>
      <group name="cucumber">
        <method signature="AbstractTestNGCucumberTests.runScenario(io.cucumber.testng.PickleWrapper,io.cucumber.testng.FeatureWrapper)[pri:0, instance:Runners.runnerForAll@57af006c]" name="runScenario" class="io.cucumber.testng.AbstractTestNGCucumberTests"/>
      </group> <!-- cucumber -->
    </groups>
    <test started-at="2025-03-16T06:30:58 EDT" name="EbayProject1" finished-at="2025-03-16T06:31:42 EDT" duration-ms="44039">
      <class name="Runners.runnerForAll">
        <test-method is-config="true" signature="setUpClass(org.testng.ITestContext)[pri:0, instance:Runners.runnerForAll@57af006c]" started-at="2025-03-16T06:30:58 EDT" name="setUpClass" finished-at="2025-03-16T06:30:58 EDT" duration-ms="728" status="PASS">
          <params>
            <param index="0">
              <value>
                <![CDATA[org.testng.TestRunner@587a1cfb]]>
              </value>
            </param>
          </params>
          <reporter-output>
          </reporter-output>
        </test-method> <!-- setUpClass -->
        <test-method signature="runScenario(io.cucumber.testng.PickleWrapper,io.cucumber.testng.FeatureWrapper)[pri:0, instance:Runners.runnerForAll@57af006c]" started-at="2025-03-16T06:30:58 EDT" name="runScenario" description="Runs Cucumber Scenarios" data-provider="scenarios" finished-at="2025-03-16T06:31:13 EDT" duration-ms="14330" status="PASS">
          <params>
            <param index="0">
              <value>
                <![CDATA["Searching multiple products in the ebay website"]]>
              </value>
            </param>
            <param index="1">
              <value>
                <![CDATA["Searching a product using a search field"]]>
              </value>
            </param>
          </params>
          <reporter-output>
          </reporter-output>
        </test-method> <!-- runScenario -->
        <test-method signature="runScenario(io.cucumber.testng.PickleWrapper,io.cucumber.testng.FeatureWrapper)[pri:0, instance:Runners.runnerForAll@57af006c]" started-at="2025-03-16T06:31:13 EDT" name="runScenario" description="Runs Cucumber Scenarios" data-provider="scenarios" finished-at="2025-03-16T06:31:27 EDT" duration-ms="14095" status="PASS">
          <params>
            <param index="0">
              <value>
                <![CDATA["Searching multiple products in the ebay website"]]>
              </value>
            </param>
            <param index="1">
              <value>
                <![CDATA["Searching a product using a search field"]]>
              </value>
            </param>
          </params>
          <reporter-output>
          </reporter-output>
        </test-method> <!-- runScenario -->
        <test-method signature="runScenario(io.cucumber.testng.PickleWrapper,io.cucumber.testng.FeatureWrapper)[pri:0, instance:Runners.runnerForAll@57af006c]" started-at="2025-03-16T06:31:27 EDT" name="runScenario" description="Runs Cucumber Scenarios" data-provider="scenarios" finished-at="2025-03-16T06:31:42 EDT" duration-ms="14712" status="PASS">
          <params>
            <param index="0">
              <value>
                <![CDATA["Searching multiple products in the ebay website"]]>
              </value>
            </param>
            <param index="1">
              <value>
                <![CDATA["Searching a product using a search field"]]>
              </value>
            </param>
          </params>
          <reporter-output>
          </reporter-output>
        </test-method> <!-- runScenario -->
        <test-method is-config="true" signature="tearDownClass()[pri:0, instance:Runners.runnerForAll@57af006c]" started-at="2025-03-16T06:31:42 EDT" name="tearDownClass" finished-at="2025-03-16T06:31:42 EDT" duration-ms="105" status="PASS">
          <reporter-output>
          </reporter-output>
        </test-method> <!-- tearDownClass -->
      </class> <!-- Runners.runnerForAll -->
    </test> <!-- EbayProject1 -->
  </suite> <!-- Default Suite -->
</testng-results>
